<?xml version="1.0" encoding="UTF-8"?>
<!-- Generated by org.testng.reporters.JUnitReportReporter -->
<testsuite skipped="0" hostname="Zoias-MBP.frontierlocal.net" name="com.syntax.testcases.LoginPageTest" tests="1" failures="0" timestamp="18 Jun 2019 18:55:43 GMT" time="6.185" errors="0">
  <testcase name="loginToOrangeHRM" time="6.185" classname="com.syntax.testcases.LoginPageTest"/>
</testsuite> <!-- com.syntax.testcases.LoginPageTest -->
